2022-04-26T08:17:37+00:00 CRITICAL syntax error, unexpected token ";", expecting ")" in C:\xampp64\htdocs\ileysrest\wp-content\themes\astra-child\functions.php on line 26

2022-04-26T08:50:41+00:00 CRITICAL Uncaught Error: Call to a member function get_items() on bool in C:\xampp64\htdocs\ileysrest\wp-content\themes\astra-child\functions.php:26
Stack trace:
#0 C:\xampp64\htdocs\ileysrest\wp-includes\class-wp-hook.php(307): action_after_new_order('')
#1 C:\xampp64\htdocs\ileysrest\wp-includes\class-wp-hook.php(331): WP_Hook->apply_filters('', Array)
#2 C:\xampp64\htdocs\ileysrest\wp-includes\plugin.php(474): WP_Hook->do_action(Array)
#3 C:\xampp64\htdocs\ileysrest\wp-content\plugins\woocommerce\templates\checkout\payment.php(60): do_action('woocommerce_rev...')
#4 C:\xampp64\htdocs\ileysrest\wp-content\plugins\woocommerce\includes\wc-core-functions.php(345): include('C:\\xampp64\\htdo...')
#5 C:\xampp64\htdocs\ileysrest\wp-content\plugins\woocommerce\includes\wc-template-functions.php(2345): wc_get_template('checkout/paymen...', Array)
#6 C:\xampp64\htdocs\ileysrest\wp-includes\class-wp-hook.php(307): woocommerce_checkout_payment('')
#7 C:\xampp64\htdocs\ileysrest\wp-includes\class-wp-hook.php(331): WP_Hook->apply_filters(NULL, Array)
#8 C:\xampp64\htdocs\ileysrest\wp-includes\plugin.php(474): WP_Hook->do_action(Array)
#9 C:\xampp64\htdocs\ileysrest\wp-content\plugins\woocommerce\templates\checkout\form-checkout.php(59): do_action('woocommerce_che...')
#10 C:\xampp64\htdocs\ileysrest\wp-content\plugins\woocommerce\includes\wc-core-functions.php(345): include('C:\\xampp64\\htdo...')
#11 C:\xampp64\htdocs\ileysrest\wp-content\plugins\woocommerce\includes\shortcodes\class-wc-shortcode-checkout.php(293): wc_get_template('checkout/form-c...', Array)
#12 C:\xampp64\htdocs\ileysrest\wp-content\plugins\woocommerce\includes\shortcodes\class-wc-shortcode-checkout.php(67): WC_Shortcode_Checkout::checkout()
#13 C:\xampp64\htdocs\ileysrest\wp-content\plugins\woocommerce\includes\class-wc-shortcodes.php(72): WC_Shortcode_Checkout::output('')
#14 C:\xampp64\htdocs\ileysrest\wp-content\plugins\woocommerce\includes\class-wc-shortcodes.php(95): WC_Shortcodes::shortcode_wrapper(Array, '')
#15 C:\xampp64\htdocs\ileysrest\wp-includes\shortcodes.php(356): WC_Shortcodes::checkout('', '', 'woocommerce_che...')
#16 [internal function]: do_shortcode_tag(Array)
#17 C:\xampp64\htdocs\ileysrest\wp-includes\shortcodes.php(228): preg_replace_callback('/\\[(\\[?)(woocom...', 'do_shortcode_ta...', '[woocommerce_ch...')
#18 C:\xampp64\htdocs\ileysrest\wp-includes\class-wp-hook.php(307): do_shortcode('[woocommerce_ch...')
#19 C:\xampp64\htdocs\ileysrest\wp-includes\plugin.php(189): WP_Hook->apply_filters('[woocommerce_ch...', Array)
#20 C:\xampp64\htdocs\ileysrest\wp-includes\post-template.php(253): apply_filters('the_content', '<!-- wp:shortco...')
#21 C:\xampp64\htdocs\ileysrest\wp-content\themes\astra\template-parts\content-page.php(54): the_content()
#22 C:\xampp64\htdocs\ileysrest\wp-includes\template.php(772): require('C:\\xampp64\\htdo...')
#23 C:\xampp64\htdocs\ileysrest\wp-includes\template.php(716): load_template('C:\\xampp64\\htdo...', false, Array)
#24 C:\xampp64\htdocs\ileysrest\wp-includes\general-template.php(204): locate_template(Array, true, false, Array)
#25 C:\xampp64\htdocs\ileysrest\wp-content\themes\astra\inc\class-astra-loop.php(109): get_template_part('template-parts/...', 'page')
#26 C:\xampp64\htdocs\ileysrest\wp-includes\class-wp-hook.php(307): Astra_Loop->template_parts_page('')
#27 C:\xampp64\htdocs\ileysrest\wp-includes\class-wp-hook.php(331): WP_Hook->apply_filters('', Array)
#28 C:\xampp64\htdocs\ileysrest\wp-includes\plugin.php(474): WP_Hook->do_action(Array)
#29 C:\xampp64\htdocs\ileysrest\wp-content\themes\astra\inc\class-astra-loop.php(197): do_action('astra_page_temp...')
#30 C:\xampp64\htdocs\ileysrest\wp-content\themes\astra\inc\class-astra-loop.php(174): Astra_Loop->loop_markup(true)
#31 C:\xampp64\htdocs\ileysrest\wp-includes\class-wp-hook.php(307): Astra_Loop->loop_markup_page('')
#32 C:\xampp64\htdocs\ileysrest\wp-includes\class-wp-hook.php(331): WP_Hook->apply_filters('', Array)
#33 C:\xampp64\htdocs\ileysrest\wp-includes\plugin.php(474): WP_Hook->do_action(Array)
#34 C:\xampp64\htdocs\ileysrest\wp-content\themes\astra\inc\core\theme-hooks.php(267): do_action('astra_content_p...')
#35 C:\xampp64\htdocs\ileysrest\wp-content\themes\astra\page.php(32): astra_content_page_loop()
#36 C:\xampp64\htdocs\ileysrest\wp-includes\template-loader.php(106): include('C:\\xampp64\\htdo...')
#37 C:\xampp64\htdocs\ileysrest\wp-blog-header.php(19): require_once('C:\\xampp64\\htdo...')
#38 C:\xampp64\htdocs\ileysrest\index.php(17): require('C:\\xampp64\\htdo...')
#39 {main}
  thrown in C:\xampp64\htdocs\ileysrest\wp-content\themes\astra-child\functions.php on line 26

2022-04-26T08:51:41+00:00 CRITICAL Uncaught Error: Call to a member function get_items() on bool in C:\xampp64\htdocs\ileysrest\wp-content\themes\astra-child\functions.php:26
Stack trace:
#0 C:\xampp64\htdocs\ileysrest\wp-includes\class-wp-hook.php(307): action_after_new_order('')
#1 C:\xampp64\htdocs\ileysrest\wp-includes\class-wp-hook.php(331): WP_Hook->apply_filters('', Array)
#2 C:\xampp64\htdocs\ileysrest\wp-includes\plugin.php(474): WP_Hook->do_action(Array)
#3 C:\xampp64\htdocs\ileysrest\wp-content\plugins\woocommerce\templates\checkout\payment.php(60): do_action('woocommerce_rev...')
#4 C:\xampp64\htdocs\ileysrest\wp-content\plugins\woocommerce\includes\wc-core-functions.php(345): include('C:\\xampp64\\htdo...')
#5 C:\xampp64\htdocs\ileysrest\wp-content\plugins\woocommerce\includes\wc-template-functions.php(2345): wc_get_template('checkout/paymen...', Array)
#6 C:\xampp64\htdocs\ileysrest\wp-includes\class-wp-hook.php(307): woocommerce_checkout_payment('')
#7 C:\xampp64\htdocs\ileysrest\wp-includes\class-wp-hook.php(331): WP_Hook->apply_filters(NULL, Array)
#8 C:\xampp64\htdocs\ileysrest\wp-includes\plugin.php(474): WP_Hook->do_action(Array)
#9 C:\xampp64\htdocs\ileysrest\wp-content\plugins\woocommerce\templates\checkout\form-checkout.php(59): do_action('woocommerce_che...')
#10 C:\xampp64\htdocs\ileysrest\wp-content\plugins\woocommerce\includes\wc-core-functions.php(345): include('C:\\xampp64\\htdo...')
#11 C:\xampp64\htdocs\ileysrest\wp-content\plugins\woocommerce\includes\shortcodes\class-wc-shortcode-checkout.php(293): wc_get_template('checkout/form-c...', Array)
#12 C:\xampp64\htdocs\ileysrest\wp-content\plugins\woocommerce\includes\shortcodes\class-wc-shortcode-checkout.php(67): WC_Shortcode_Checkout::checkout()
#13 C:\xampp64\htdocs\ileysrest\wp-content\plugins\woocommerce\includes\class-wc-shortcodes.php(72): WC_Shortcode_Checkout::output('')
#14 C:\xampp64\htdocs\ileysrest\wp-content\plugins\woocommerce\includes\class-wc-shortcodes.php(95): WC_Shortcodes::shortcode_wrapper(Array, '')
#15 C:\xampp64\htdocs\ileysrest\wp-includes\shortcodes.php(356): WC_Shortcodes::checkout('', '', 'woocommerce_che...')
#16 [internal function]: do_shortcode_tag(Array)
#17 C:\xampp64\htdocs\ileysrest\wp-includes\shortcodes.php(228): preg_replace_callback('/\\[(\\[?)(woocom...', 'do_shortcode_ta...', '[woocommerce_ch...')
#18 C:\xampp64\htdocs\ileysrest\wp-includes\class-wp-hook.php(307): do_shortcode('[woocommerce_ch...')
#19 C:\xampp64\htdocs\ileysrest\wp-includes\plugin.php(189): WP_Hook->apply_filters('[woocommerce_ch...', Array)
#20 C:\xampp64\htdocs\ileysrest\wp-includes\post-template.php(253): apply_filters('the_content', '<!-- wp:shortco...')
#21 C:\xampp64\htdocs\ileysrest\wp-content\themes\astra\template-parts\content-page.php(54): the_content()
#22 C:\xampp64\htdocs\ileysrest\wp-includes\template.php(772): require('C:\\xampp64\\htdo...')
#23 C:\xampp64\htdocs\ileysrest\wp-includes\template.php(716): load_template('C:\\xampp64\\htdo...', false, Array)
#24 C:\xampp64\htdocs\ileysrest\wp-includes\general-template.php(204): locate_template(Array, true, false, Array)
#25 C:\xampp64\htdocs\ileysrest\wp-content\themes\astra\inc\class-astra-loop.php(109): get_template_part('template-parts/...', 'page')
#26 C:\xampp64\htdocs\ileysrest\wp-includes\class-wp-hook.php(307): Astra_Loop->template_parts_page('')
#27 C:\xampp64\htdocs\ileysrest\wp-includes\class-wp-hook.php(331): WP_Hook->apply_filters('', Array)
#28 C:\xampp64\htdocs\ileysrest\wp-includes\plugin.php(474): WP_Hook->do_action(Array)
#29 C:\xampp64\htdocs\ileysrest\wp-content\themes\astra\inc\class-astra-loop.php(197): do_action('astra_page_temp...')
#30 C:\xampp64\htdocs\ileysrest\wp-content\themes\astra\inc\class-astra-loop.php(174): Astra_Loop->loop_markup(true)
#31 C:\xampp64\htdocs\ileysrest\wp-includes\class-wp-hook.php(307): Astra_Loop->loop_markup_page('')
#32 C:\xampp64\htdocs\ileysrest\wp-includes\class-wp-hook.php(331): WP_Hook->apply_filters('', Array)
#33 C:\xampp64\htdocs\ileysrest\wp-includes\plugin.php(474): WP_Hook->do_action(Array)
#34 C:\xampp64\htdocs\ileysrest\wp-content\themes\astra\inc\core\theme-hooks.php(267): do_action('astra_content_p...')
#35 C:\xampp64\htdocs\ileysrest\wp-content\themes\astra\page.php(32): astra_content_page_loop()
#36 C:\xampp64\htdocs\ileysrest\wp-includes\template-loader.php(106): include('C:\\xampp64\\htdo...')
#37 C:\xampp64\htdocs\ileysrest\wp-blog-header.php(19): require_once('C:\\xampp64\\htdo...')
#38 C:\xampp64\htdocs\ileysrest\index.php(17): require('C:\\xampp64\\htdo...')
#39 {main}
  thrown in C:\xampp64\htdocs\ileysrest\wp-content\themes\astra-child\functions.php on line 26

